\BOOKMARK [0][-]{chapter.1}{\376\377\000I\000n\000t\000r\000o\000d\000u\000c\000e\000r\000e}{}% 1
\BOOKMARK [1][-]{section.1.1}{\376\377\000D\000e\000s\000c\000r\000i\000e\000r\000e\000a\000\040\000s\000u\000c\000c\000i\000n\000t\001\003\000\040\000a\000\040\000t\000e\000m\000e\000i}{chapter.1}% 2
\BOOKMARK [1][-]{section.1.2}{\376\377\000M\000o\000t\000i\000v\000a\000r\000e\000a\000\040\000a\000l\000e\000g\000e\000r\000i\000i\000\040\000t\000e\000m\000e\000i}{chapter.1}% 3
\BOOKMARK [1][-]{section.1.3}{\376\377\000S\000t\000r\000u\000c\000t\000u\000r\000a\000\040\000l\000u\000c\000r\001\003\000r\000i\000i}{chapter.1}% 4
\BOOKMARK [0][-]{chapter.2}{\376\377\000T\000e\000h\000n\000o\000l\000o\000g\000i\000i\000\040\000f\000o\000l\000o\000s\000i\000t\000e}{}% 5
\BOOKMARK [1][-]{section.2.1}{\376\377\000D\000e\000s\000c\000r\000i\000e\000r\000e\000a\000\040\000u\000n\000e\000i\000\040\000a\000p\000l\000i\000c\000a\002\033\000i\000i\000\040\000w\000e\000b}{chapter.2}% 6
\BOOKMARK [1][-]{section.2.2}{\376\377\000G\000e\000n\000e\000r\000a\000l\000i\000t\001\003\002\033\000i\000\040\000d\000e\000s\000p\000r\000e\000\040\000H\000T\000M\000L}{chapter.2}% 7
\BOOKMARK [1][-]{section.2.3}{\376\377\000H\000T\000M\000L\0005}{chapter.2}% 8
\BOOKMARK [1][-]{section.2.4}{\376\377\000B\000o\000o\000t\000s\000t\000r\000a\000p}{chapter.2}% 9
\BOOKMARK [1][-]{section.2.5}{\376\377\000C\000S\000S}{chapter.2}% 10
\BOOKMARK [1][-]{section.2.6}{\376\377\000F\000u\000n\000c\002\033\000i\000o\000n\000a\000r\000e\000a\000\040\000u\000n\000e\000i\000\040\000a\000p\000l\000i\000c\000a\002\033\000i\000i\000\040\000w\000e\000b}{chapter.2}% 11
\BOOKMARK [1][-]{section.2.7}{\376\377\000A\000r\000h\000i\000t\000e\000c\000t\000u\000r\000a\000\040\000u\000n\000e\000i\000\040\000a\000p\000l\000i\000c\000a\002\033\000i\000i\000\040\000w\000e\000b}{chapter.2}% 12
\BOOKMARK [2][-]{subsection.2.7.1}{\376\377\000A\000r\000h\000i\000t\000e\000c\000t\000u\000r\000a\000\040\000p\000e\000\040\000d\000o\000u\001\003\000\040\000n\000i\000v\000e\000l\000u\000r\000i\000\040\000\050\000c\000l\000i\000e\000n\000t\000/\000s\000e\000r\000v\000e\000r\000\051}{section.2.7}% 13
\BOOKMARK [2][-]{subsection.2.7.2}{\376\377\000A\000r\000h\000i\000t\000e\000c\000t\000u\000r\000a\000\040\000p\000e\000\040\000t\000r\000e\000i\000\040\000n\000i\000v\000e\000l\000u\000r\000i}{section.2.7}% 14
\BOOKMARK [1][-]{section.2.8}{\376\377\000A\000r\000h\000i\000t\000e\000c\000t\000u\000r\000a\000\040\000J\000a\000v\000a\000\040\000E\000E}{chapter.2}% 15
\BOOKMARK [1][-]{section.2.9}{\376\377\000A\000r\000h\000i\000t\000e\000c\000t\000u\000r\000a\000\040\000M\000V\000C}{chapter.2}% 16
\BOOKMARK [2][-]{subsection.2.9.1}{\376\377\000S\000t\000r\000a\000t\000u\000l\000\040\000M\000o\000d\000e\000l}{section.2.9}% 17
\BOOKMARK [2][-]{subsection.2.9.2}{\376\377\000S\000t\000r\000a\000t\000u\000l\000\040\000V\000i\000e\000w}{section.2.9}% 18
\BOOKMARK [2][-]{subsection.2.9.3}{\376\377\000S\000t\000r\000a\000t\000u\000l\000\040\000C\000o\000n\000t\000r\000o\000l\000l\000e\000r}{section.2.9}% 19
\BOOKMARK [1][-]{section.2.10}{\376\377\000R\000e\000a\000c\000t}{chapter.2}% 20
\BOOKMARK [1][-]{section.2.11}{\376\377\000J\000S\000O\000N\000\040\000W\000e\000b\000\040\000T\000o\000k\000e\000n}{chapter.2}% 21
\BOOKMARK [1][-]{section.2.12}{\376\377\000M\000y\000S\000Q\000L}{chapter.2}% 22
\BOOKMARK [1][-]{section.2.13}{\376\377\000G\000i\000t}{chapter.2}% 23
\BOOKMARK [1][-]{section.2.14}{\376\377\000E\000d\000i\000t\000o\000a\000r\000e\000\040\000d\000e\000\040\000c\000o\000d\000\040\000s\000u\000r\000s\001\003}{chapter.2}% 24
\BOOKMARK [2][-]{subsection.2.14.1}{\376\377\000V\000i\000s\000u\000a\000l\000\040\000S\000t\000u\000d\000i\000o\000\040\000C\000o\000d\000e}{section.2.14}% 25
\BOOKMARK [2][-]{subsection.2.14.2}{\376\377\000I\000n\000t\000e\000l\000l\000i\000J\000\040\000I\000D\000E\000A}{section.2.14}% 26
\BOOKMARK [0][-]{chapter.3}{\376\377\000P\000r\000o\000i\000e\000c\000t\000a\000r\000e\000a\000\040\000a\000p\000l\000i\000c\000a\002\033\000i\000e\000i}{}% 27
\BOOKMARK [1][-]{section.3.1}{\376\377\000I\000m\000p\000l\000e\000m\000e\000n\000t\000a\000r\000e\000a\000\040\000s\000e\000r\000v\000e\000r\000-\000u\000l\000u\000i\000\040\000w\000e\000b}{chapter.3}% 28
\BOOKMARK [2][-]{subsection.3.1.1}{\376\377\000S\000e\000c\000u\000r\000i\000t\000a\000t\000e\000a\000\040\000a\000p\000l\000i\000c\000a\002\033\000i\000e\000i}{section.3.1}% 29
\BOOKMARK [2][-]{subsection.3.1.2}{\376\377\000U\000t\000i\000l\000i\000z\000a\000r\000e\000a\000\040\000J\000W\000T}{section.3.1}% 30
\BOOKMARK [0][-]{chapter.4}{\376\377\000U\000t\000i\000l\000i\000z\000a\000r\000e\000a\000\040\000a\000p\000l\000i\000c\000a\002\033\000i\000e\000i}{}% 31
\BOOKMARK [1][-]{section.4.1}{\376\377\000H\000T\000M\000L}{chapter.4}% 32
\BOOKMARK [0][-]{chapter.5}{\376\377\000C\000o\000n\000c\000l\000u\000z\000i\000i}{}% 33
